<?xml version="1.0" encoding="UTF-8"?>
<testsuite xmlns:xsi="http://www.w3.org/2001/XMLSchema-instance" xsi:noNamespaceSchemaLocation="https://maven.apache.org/surefire/maven-surefire-plugin/xsd/surefire-test-report-3.0.xsd" version="3.0" name="hellocucumber.RunCucumberTest" time="74.753" tests="3" errors="0" skipped="0" failures="0">
  <properties>
[...]
</properties>
  <testcase name="the user should be open url #1" classname="NewProducts" time="23.164"/>
  <testcase name="the user should be open url #2" classname="NewProducts" time="27.375"/>
  <testcase name="the user should be open url #3" classname="NewProducts" time="21.902"/>
</testsuite>